2025-10-12 01:34:26 - Starting C:\Program Files\nodejs\node.exe  --max_old_space_size=4096 "C:\Users\ctitest\Documents\TeleTrack Collector\node_modules\node-windows\lib\wrapper.js" --file "C:\Users\ctitest\Documents\TeleTrack Collector\collector.js" --scriptoptions= --log "TeleTrack Collector wrapper" --grow 0.25 --wait 1 --maxrestarts 3 --abortonerror n --stopparentfirst undefined
2025-10-12 01:34:26 - Started 23204
2025-10-12 01:38:42 - Starting C:\Program Files\nodejs\node.exe  --max_old_space_size=4096 "C:\Users\ctitest\Documents\TeleTrack Collector\node_modules\node-windows\lib\wrapper.js" --file "C:\Users\ctitest\Documents\TeleTrack Collector\collector.js" --scriptoptions= --log "TeleTrack Collector wrapper" --grow 0.25 --wait 1 --maxrestarts 3 --abortonerror n --stopparentfirst undefined
2025-10-12 01:38:42 - Started 18644
2025-10-12 01:40:38 - Starting C:\Program Files\nodejs\node.exe  --max_old_space_size=4096 "C:\Users\ctitest\Documents\TeleTrack Collector\node_modules\node-windows\lib\wrapper.js" --file "C:\Users\ctitest\Documents\TeleTrack Collector\collector.js" --scriptoptions= --log "TeleTrack Collector wrapper" --grow 0.25 --wait 1 --maxrestarts 3 --abortonerror n --stopparentfirst undefined
2025-10-12 01:40:38 - Started 16752
2025-10-12 01:52:05 - Starting C:\Program Files\nodejs\node.exe  --max_old_space_size=4096 "C:\Users\ctitest\Documents\TeleTrack Collector\node_modules\node-windows\lib\wrapper.js" --file "C:\Users\ctitest\Documents\TeleTrack Collector\collector.js" --scriptoptions= --log "TeleTrack Collector wrapper" --grow 0.25 --wait 1 --maxrestarts 3 --abortonerror n --stopparentfirst undefined
2025-10-12 01:52:05 - Started 23164
2025-10-12 01:52:21 - Stopping teletrackcollector.exe
2025-10-12 01:52:21 - ProcessKill 23164
2025-10-12 01:52:21 - Found child process: 16752 Name: conhost.exe
2025-10-12 01:52:21 - Found child process: 19816 Name: node.exe
2025-10-12 01:52:21 - Stopping process 16752
2025-10-12 01:52:21 - Send SIGINT 16752
2025-10-12 01:52:21 - SIGINT to 16752 failed - Killing as fallback
2025-10-12 01:52:22 - Stopping process 19816
2025-10-12 01:52:22 - Send SIGINT 19816
2025-10-12 01:52:22 - SIGINT to 19816 failed - Killing as fallback
2025-10-12 01:52:22 - Stopping process 23164
2025-10-12 01:52:22 - Send SIGINT 23164
2025-10-12 01:52:22 - SIGINT to 23164 failed - Killing as fallback
2025-10-12 01:52:22 - Finished teletrackcollector.exe
2025-10-12 01:52:23 - Starting C:\Program Files\nodejs\node.exe  --max_old_space_size=4096 "C:\Users\ctitest\Documents\TeleTrack Collector\node_modules\node-windows\lib\wrapper.js" --file "C:\Users\ctitest\Documents\TeleTrack Collector\collector.js" --scriptoptions= --log "TeleTrack Collector wrapper" --grow 0.25 --wait 1 --maxrestarts 3 --abortonerror n --stopparentfirst undefined
2025-10-12 01:52:23 - Started 22988
2025-10-12 01:59:23 - Stopping teletrackcollector.exe
2025-10-12 01:59:23 - ProcessKill 22988
2025-10-12 01:59:23 - Found child process: 19988 Name: conhost.exe
2025-10-12 01:59:23 - Found child process: 21688 Name: node.exe
2025-10-12 01:59:23 - Stopping process 19988
2025-10-12 01:59:23 - Send SIGINT 19988
2025-10-12 01:59:23 - SIGINT to 19988 failed - Killing as fallback
2025-10-12 01:59:23 - Stopping process 21688
2025-10-12 01:59:23 - Send SIGINT 21688
2025-10-12 01:59:23 - SIGINT to 21688 failed - Killing as fallback
2025-10-12 01:59:23 - Stopping process 22988
2025-10-12 01:59:23 - Send SIGINT 22988
2025-10-12 01:59:23 - SIGINT to 22988 failed - Killing as fallback
2025-10-12 01:59:23 - Finished teletrackcollector.exe
2025-10-13 15:04:36 - Starting C:\Program Files\nodejs\node.exe  --max_old_space_size=4096 "C:\Users\ctitest\Documents\TeleTrack Collector\node_modules\node-windows\lib\wrapper.js" --file "C:\Users\ctitest\Documents\TeleTrack Collector\collector.js" --scriptoptions= --log "TeleTrack Collector wrapper" --grow 0.25 --wait 1 --maxrestarts 3 --abortonerror n --stopparentfirst undefined
2025-10-13 15:04:36 - Started 21184
2025-10-14 13:05:22 - Stopping teletrackcollector.exe
2025-10-14 13:05:22 - ProcessKill 21184
2025-10-14 13:05:23 - Found child process: 608 Name: conhost.exe
2025-10-14 13:05:23 - Found child process: 22128 Name: node.exe
2025-10-14 13:05:23 - Stopping process 608
2025-10-14 13:05:23 - Send SIGINT 608
2025-10-14 13:05:23 - SIGINT to 608 failed - Killing as fallback
2025-10-14 13:05:23 - Stopping process 22128
2025-10-14 13:05:23 - Send SIGINT 22128
2025-10-14 13:05:23 - SIGINT to 22128 failed - Killing as fallback
2025-10-14 13:05:23 - Stopping process 21184
2025-10-14 13:05:23 - Send SIGINT 21184
2025-10-14 13:05:23 - SIGINT to 21184 failed - Killing as fallback
2025-10-14 13:05:23 - Finished teletrackcollector.exe
2025-10-14 13:05:24 - Starting C:\Program Files\nodejs\node.exe  --max_old_space_size=4096 "C:\Users\ctitest\Documents\TeleTrack Collector\node_modules\node-windows\lib\wrapper.js" --file "C:\Users\ctitest\Documents\TeleTrack Collector\collector.js" --scriptoptions= --log "TeleTrack Collector wrapper" --grow 0.25 --wait 1 --maxrestarts 3 --abortonerror n --stopparentfirst undefined
2025-10-14 13:05:24 - Started 14736
2025-10-14 13:10:43 - Stopping teletrackcollector.exe
2025-10-14 13:10:43 - ProcessKill 14736
2025-10-14 13:10:43 - Found child process: 16856 Name: conhost.exe
2025-10-14 13:10:43 - Found child process: 23848 Name: node.exe
2025-10-14 13:10:43 - Stopping process 16856
2025-10-14 13:10:43 - Send SIGINT 16856
2025-10-14 13:10:43 - SIGINT to 16856 failed - Killing as fallback
2025-10-14 13:10:43 - Stopping process 23848
2025-10-14 13:10:43 - Send SIGINT 23848
2025-10-14 13:10:43 - SIGINT to 23848 failed - Killing as fallback
2025-10-14 13:10:43 - Stopping process 14736
2025-10-14 13:10:43 - Send SIGINT 14736
2025-10-14 13:10:43 - SIGINT to 14736 failed - Killing as fallback
2025-10-14 13:10:43 - Finished teletrackcollector.exe
2025-10-14 13:10:44 - Starting C:\Program Files\nodejs\node.exe  --max_old_space_size=4096 "C:\Users\ctitest\Documents\TeleTrack Collector\node_modules\node-windows\lib\wrapper.js" --file "C:\Users\ctitest\Documents\TeleTrack Collector\collector.js" --scriptoptions= --log "TeleTrack Collector wrapper" --grow 0.25 --wait 1 --maxrestarts 3 --abortonerror n --stopparentfirst undefined
2025-10-14 13:10:44 - Started 6888
2025-10-14 22:45:20 - Stopping teletrackcollector.exe
2025-10-14 22:45:20 - ProcessKill 6888
2025-10-14 22:45:20 - Shutdown exception
Message:A system shutdown is in progress.

Stacktrace:   at System.Runtime.InteropServices.Marshal.ThrowExceptionForHRInternal(Int32 errorCode, IntPtr errorInfo)
   at System.Management.ManagementScope.InitializeGuts(Object o)
   at System.Management.ManagementScope.Initialize()
   at System.Management.ManagementObjectSearcher.Initialize()
   at System.Management.ManagementObjectSearcher.Get()
   at winsw.WrapperService.GetChildPids(Int32 pid)
   at winsw.WrapperService.StopProcessAndChildren(Int32 pid)
   at winsw.WrapperService.StopIt()
   at winsw.WrapperService.OnShutdown()
2025-10-14 22:45:48 - Starting C:\Program Files\nodejs\node.exe  --max_old_space_size=4096 "C:\Users\ctitest\Documents\TeleTrack Collector\node_modules\node-windows\lib\wrapper.js" --file "C:\Users\ctitest\Documents\TeleTrack Collector\collector.js" --scriptoptions= --log "TeleTrack Collector wrapper" --grow 0.25 --wait 1 --maxrestarts 3 --abortonerror n --stopparentfirst undefined
2025-10-14 22:45:48 - Started 5392
2025-10-14 22:47:10 - Starting C:\Program Files\nodejs\node.exe  --max_old_space_size=4096 "C:\Users\ctitest\Documents\TeleTrack Collector\node_modules\node-windows\lib\wrapper.js" --file "C:\Users\ctitest\Documents\TeleTrack Collector\collector.js" --scriptoptions= --log "TeleTrack Collector wrapper" --grow 0.25 --wait 1 --maxrestarts 3 --abortonerror n --stopparentfirst undefined
2025-10-14 22:47:10 - Started 5496
2025-10-15 15:02:27 - Starting C:\Program Files\nodejs\node.exe  --max_old_space_size=4096 "C:\Users\ctitest\Documents\TeleTrack Collector\node_modules\node-windows\lib\wrapper.js" --file "C:\Users\ctitest\Documents\TeleTrack Collector\collector.js" --scriptoptions= --log "TeleTrack Collector wrapper" --grow 0.25 --wait 1 --maxrestarts 3 --abortonerror n --stopparentfirst undefined
2025-10-15 15:02:27 - Started 3572
2025-10-16 10:45:30 - Starting C:\Program Files\nodejs\node.exe  --max_old_space_size=4096 "C:\Users\ctitest\Documents\TeleTrack Collector\node_modules\node-windows\lib\wrapper.js" --file "C:\Users\ctitest\Documents\TeleTrack Collector\collector.js" --scriptoptions= --log "TeleTrack Collector wrapper" --grow 0.25 --wait 1 --maxrestarts 3 --abortonerror n --stopparentfirst undefined
2025-10-16 10:45:30 - Started 14484
2025-10-16 11:48:27 - Starting C:\Program Files\nodejs\node.exe  --max_old_space_size=4096 "C:\Users\ctitest\Documents\TeleTrack Collector\node_modules\node-windows\lib\wrapper.js" --file "C:\Users\ctitest\Documents\TeleTrack Collector\collector.js" --scriptoptions= --log "TeleTrack Collector wrapper" --grow 0.25 --wait 1 --maxrestarts 3 --abortonerror n --stopparentfirst undefined
2025-10-16 11:48:27 - Started 11280
2025-10-16 14:07:22 - Stopping teletrackcollector.exe
2025-10-16 14:07:22 - ProcessKill 11280
2025-10-16 14:07:22 - Found child process: 1492 Name: conhost.exe
2025-10-16 14:07:22 - Found child process: 10408 Name: node.exe
2025-10-16 14:07:22 - Stopping process 1492
2025-10-16 14:07:22 - Send SIGINT 1492
2025-10-16 14:07:22 - SIGINT to 1492 failed - Killing as fallback
2025-10-16 14:07:22 - Stopping process 10408
2025-10-16 14:07:22 - Send SIGINT 10408
2025-10-16 14:07:22 - SIGINT to 10408 failed - Killing as fallback
2025-10-16 14:07:22 - Stopping process 11280
2025-10-16 14:07:22 - Send SIGINT 11280
2025-10-16 14:07:22 - SIGINT to 11280 failed - Killing as fallback
2025-10-16 14:07:22 - Finished teletrackcollector.exe
2025-10-16 14:07:23 - Starting C:\Program Files\nodejs\node.exe  --max_old_space_size=4096 "C:\Users\ctitest\Documents\TeleTrack Collector\node_modules\node-windows\lib\wrapper.js" --file "C:\Users\ctitest\Documents\TeleTrack Collector\collector.js" --scriptoptions= --log "TeleTrack Collector wrapper" --grow 0.25 --wait 1 --maxrestarts 3 --abortonerror n --stopparentfirst undefined
2025-10-16 14:07:23 - Started 9024
2025-10-17 14:11:36 - Stopping teletrackcollector.exe
2025-10-17 14:11:36 - ProcessKill 9024
2025-10-17 14:11:36 - Found child process: 12252 Name: conhost.exe
2025-10-17 14:11:36 - Found child process: 1448 Name: node.exe
2025-10-17 14:11:36 - Stopping process 12252
2025-10-17 14:11:36 - Send SIGINT 12252
2025-10-17 14:11:36 - SIGINT to 12252 failed - Killing as fallback
2025-10-17 14:11:36 - Stopping process 1448
2025-10-17 14:11:36 - Send SIGINT 1448
2025-10-17 14:11:36 - SIGINT to 1448 failed - Killing as fallback
2025-10-17 14:11:36 - Stopping process 9024
2025-10-17 14:11:36 - Send SIGINT 9024
2025-10-17 14:11:36 - SIGINT to 9024 failed - Killing as fallback
2025-10-17 14:11:36 - Finished teletrackcollector.exe
2025-10-17 14:11:38 - Starting C:\Program Files\nodejs\node.exe  --max_old_space_size=4096 "C:\Users\ctitest\Documents\TeleTrack Collector\node_modules\node-windows\lib\wrapper.js" --file "C:\Users\ctitest\Documents\TeleTrack Collector\collector.js" --scriptoptions= --log "TeleTrack Collector wrapper" --grow 0.25 --wait 1 --maxrestarts 3 --abortonerror n --stopparentfirst undefined
2025-10-17 14:11:38 - Started 7256
2025-10-17 14:24:07 - Stopping teletrackcollector.exe
2025-10-17 14:24:07 - ProcessKill 7256
2025-10-17 14:24:07 - Found child process: 9052 Name: conhost.exe
2025-10-17 14:24:07 - Found child process: 9196 Name: node.exe
2025-10-17 14:24:07 - Stopping process 9052
2025-10-17 14:24:07 - Send SIGINT 9052
2025-10-17 14:24:07 - SIGINT to 9052 failed - Killing as fallback
2025-10-17 14:24:07 - Stopping process 9196
2025-10-17 14:24:07 - Send SIGINT 9196
2025-10-17 14:24:07 - SIGINT to 9196 failed - Killing as fallback
2025-10-17 14:24:07 - Stopping process 7256
2025-10-17 14:24:07 - Send SIGINT 7256
2025-10-17 14:24:07 - SIGINT to 7256 failed - Killing as fallback
2025-10-17 14:24:07 - Finished teletrackcollector.exe
2025-10-17 14:24:08 - Starting C:\Program Files\nodejs\node.exe  --max_old_space_size=4096 "C:\Users\ctitest\Documents\TeleTrack Collector\node_modules\node-windows\lib\wrapper.js" --file "C:\Users\ctitest\Documents\TeleTrack Collector\collector.js" --scriptoptions= --log "TeleTrack Collector wrapper" --grow 0.25 --wait 1 --maxrestarts 3 --abortonerror n --stopparentfirst undefined
2025-10-17 14:24:08 - Started 364
2025-10-17 16:13:43 - Stopping teletrackcollector.exe
2025-10-17 16:13:43 - ProcessKill 364
2025-10-17 16:13:43 - Found child process: 9792 Name: conhost.exe
2025-10-17 16:13:43 - Found child process: 6028 Name: node.exe
2025-10-17 16:13:43 - Stopping process 9792
2025-10-17 16:13:43 - Send SIGINT 9792
2025-10-17 16:13:43 - SIGINT to 9792 failed - Killing as fallback
2025-10-17 16:13:43 - Stopping process 6028
2025-10-17 16:13:43 - Send SIGINT 6028
2025-10-17 16:13:43 - SIGINT to 6028 failed - Killing as fallback
2025-10-17 16:13:43 - Stopping process 364
2025-10-17 16:13:43 - Send SIGINT 364
2025-10-17 16:13:43 - SIGINT to 364 failed - Killing as fallback
2025-10-17 16:13:43 - Finished teletrackcollector.exe
2025-10-17 16:13:44 - Starting C:\Program Files\nodejs\node.exe  --max_old_space_size=4096 "C:\Users\ctitest\Documents\TeleTrack Collector\node_modules\node-windows\lib\wrapper.js" --file "C:\Users\ctitest\Documents\TeleTrack Collector\collector.js" --scriptoptions= --log "TeleTrack Collector wrapper" --grow 0.25 --wait 1 --maxrestarts 3 --abortonerror n --stopparentfirst undefined
2025-10-17 16:13:44 - Started 1924
2025-10-17 16:18:26 - Stopping teletrackcollector.exe
2025-10-17 16:18:26 - ProcessKill 1924
2025-10-17 16:18:26 - Found child process: 8952 Name: conhost.exe
2025-10-17 16:18:26 - Found child process: 16048 Name: node.exe
2025-10-17 16:18:27 - Stopping process 8952
2025-10-17 16:18:27 - Send SIGINT 8952
2025-10-17 16:18:27 - SIGINT to 8952 failed - Killing as fallback
2025-10-17 16:18:27 - Stopping process 16048
2025-10-17 16:18:27 - Send SIGINT 16048
2025-10-17 16:18:27 - SIGINT to 16048 failed - Killing as fallback
2025-10-17 16:18:27 - Stopping process 1924
2025-10-17 16:18:27 - Send SIGINT 1924
2025-10-17 16:18:27 - SIGINT to 1924 failed - Killing as fallback
2025-10-17 16:18:27 - Finished teletrackcollector.exe
2025-10-17 16:18:28 - Starting C:\Program Files\nodejs\node.exe  --max_old_space_size=4096 "C:\Users\ctitest\Documents\TeleTrack Collector\node_modules\node-windows\lib\wrapper.js" --file "C:\Users\ctitest\Documents\TeleTrack Collector\collector.js" --scriptoptions= --log "TeleTrack Collector wrapper" --grow 0.25 --wait 1 --maxrestarts 3 --abortonerror n --stopparentfirst undefined
2025-10-17 16:18:28 - Started 11776
2025-10-17 16:47:04 - Stopping teletrackcollector.exe
2025-10-17 16:47:04 - ProcessKill 11776
2025-10-17 16:47:04 - Found child process: 12192 Name: conhost.exe
2025-10-17 16:47:04 - Found child process: 13988 Name: node.exe
2025-10-17 16:47:04 - Stopping process 12192
2025-10-17 16:47:04 - Send SIGINT 12192
2025-10-17 16:47:04 - SIGINT to 12192 failed - Killing as fallback
2025-10-17 16:47:04 - Stopping process 13988
2025-10-17 16:47:04 - Send SIGINT 13988
2025-10-17 16:47:04 - SIGINT to 13988 failed - Killing as fallback
2025-10-17 16:47:04 - Stopping process 11776
2025-10-17 16:47:04 - Send SIGINT 11776
2025-10-17 16:47:04 - SIGINT to 11776 failed - Killing as fallback
2025-10-17 16:47:04 - Finished teletrackcollector.exe
2025-10-17 16:47:07 - Starting C:\Program Files\nodejs\node.exe  --max_old_space_size=4096 "C:\Users\ctitest\Documents\TeleTrack Collector\node_modules\node-windows\lib\wrapper.js" --file "C:\Users\ctitest\Documents\TeleTrack Collector\collector.js" --scriptoptions= --log "TeleTrack Collector wrapper" --grow 0.25 --wait 1 --maxrestarts 3 --abortonerror n --stopparentfirst undefined
2025-10-17 16:47:07 - Started 7160
2025-10-18 17:21:56 - Stopping teletrackcollector.exe
2025-10-18 17:21:56 - ProcessKill 7160
2025-10-18 17:21:56 - Found child process: 11620 Name: conhost.exe
2025-10-18 17:21:56 - Found child process: 13036 Name: node.exe
2025-10-18 17:21:56 - Stopping process 11620
2025-10-18 17:21:56 - Send SIGINT 11620
2025-10-18 17:21:56 - SIGINT to 11620 failed - Killing as fallback
2025-10-18 17:21:56 - Stopping process 13036
2025-10-18 17:21:56 - Send SIGINT 13036
2025-10-18 17:21:56 - SIGINT to 13036 failed - Killing as fallback
2025-10-18 17:21:56 - Stopping process 7160
2025-10-18 17:21:56 - Send SIGINT 7160
2025-10-18 17:21:56 - SIGINT to 7160 failed - Killing as fallback
2025-10-18 17:21:56 - Finished teletrackcollector.exe
2025-10-18 17:21:57 - Starting C:\Program Files\nodejs\node.exe  --max_old_space_size=4096 "C:\Users\ctitest\Documents\TeleTrack Collector\node_modules\node-windows\lib\wrapper.js" --file "C:\Users\ctitest\Documents\TeleTrack Collector\collector.js" --scriptoptions= --log "TeleTrack Collector wrapper" --grow 0.25 --wait 1 --maxrestarts 3 --abortonerror n --stopparentfirst undefined
2025-10-18 17:21:57 - Started 11044
2025-10-18 17:22:44 - Stopping teletrackcollector.exe
2025-10-18 17:22:44 - ProcessKill 11044
2025-10-18 17:22:44 - Found child process: 2384 Name: conhost.exe
2025-10-18 17:22:44 - Found child process: 9328 Name: node.exe
2025-10-18 17:22:44 - Stopping process 2384
2025-10-18 17:22:44 - Send SIGINT 2384
2025-10-18 17:22:44 - SIGINT to 2384 failed - Killing as fallback
2025-10-18 17:22:44 - Stopping process 9328
2025-10-18 17:22:44 - Send SIGINT 9328
2025-10-18 17:22:44 - SIGINT to 9328 failed - Killing as fallback
2025-10-18 17:22:44 - Stopping process 11044
2025-10-18 17:22:44 - Send SIGINT 11044
2025-10-18 17:22:44 - SIGINT to 11044 failed - Killing as fallback
2025-10-18 17:22:44 - Finished teletrackcollector.exe
2025-10-18 17:22:46 - Starting C:\Program Files\nodejs\node.exe  --max_old_space_size=4096 "C:\Users\ctitest\Documents\TeleTrack Collector\node_modules\node-windows\lib\wrapper.js" --file "C:\Users\ctitest\Documents\TeleTrack Collector\collector.js" --scriptoptions= --log "TeleTrack Collector wrapper" --grow 0.25 --wait 1 --maxrestarts 3 --abortonerror n --stopparentfirst undefined
2025-10-18 17:22:46 - Started 14412
2025-10-18 17:25:25 - Stopping teletrackcollector.exe
2025-10-18 17:25:25 - ProcessKill 14412
2025-10-18 17:25:26 - Found child process: 16876 Name: conhost.exe
2025-10-18 17:25:26 - Found child process: 8060 Name: node.exe
2025-10-18 17:25:26 - Stopping process 16876
2025-10-18 17:25:26 - Send SIGINT 16876
2025-10-18 17:25:26 - SIGINT to 16876 failed - Killing as fallback
2025-10-18 17:25:26 - Stopping process 8060
2025-10-18 17:25:26 - Send SIGINT 8060
2025-10-18 17:25:26 - SIGINT to 8060 failed - Killing as fallback
2025-10-18 17:25:26 - Stopping process 14412
2025-10-18 17:25:26 - Send SIGINT 14412
2025-10-18 17:25:26 - SIGINT to 14412 failed - Killing as fallback
2025-10-18 17:25:26 - Finished teletrackcollector.exe
2025-10-18 17:25:27 - Starting C:\Program Files\nodejs\node.exe  --max_old_space_size=4096 "C:\Users\ctitest\Documents\TeleTrack Collector\node_modules\node-windows\lib\wrapper.js" --file "C:\Users\ctitest\Documents\TeleTrack Collector\collector.js" --scriptoptions= --log "TeleTrack Collector wrapper" --grow 0.25 --wait 1 --maxrestarts 3 --abortonerror n --stopparentfirst undefined
2025-10-18 17:25:27 - Started 15400
2025-10-18 17:31:50 - Stopping teletrackcollector.exe
2025-10-18 17:31:50 - ProcessKill 15400
2025-10-18 17:31:50 - Found child process: 2768 Name: conhost.exe
2025-10-18 17:31:50 - Found child process: 16632 Name: node.exe
2025-10-18 17:31:50 - Stopping process 2768
2025-10-18 17:31:50 - Send SIGINT 2768
2025-10-18 17:31:50 - SIGINT to 2768 failed - Killing as fallback
2025-10-18 17:31:50 - Stopping process 16632
2025-10-18 17:31:50 - Send SIGINT 16632
2025-10-18 17:31:50 - SIGINT to 16632 failed - Killing as fallback
2025-10-18 17:31:50 - Stopping process 15400
2025-10-18 17:31:50 - Send SIGINT 15400
2025-10-18 17:31:50 - SIGINT to 15400 failed - Killing as fallback
2025-10-18 17:31:50 - Finished teletrackcollector.exe
2025-10-18 17:34:12 - Starting C:\Program Files\nodejs\node.exe  --max_old_space_size=4096 "C:\Users\ctitest\Documents\TeleTrack Collector\node_modules\node-windows\lib\wrapper.js" --file "C:\Users\ctitest\Documents\TeleTrack Collector\collector.js" --scriptoptions= --log "TeleTrack Collector wrapper" --grow 0.25 --wait 1 --maxrestarts 3 --abortonerror n --stopparentfirst undefined
2025-10-18 17:34:12 - Started 728
2025-10-18 17:36:51 - Stopping teletrackcollector.exe
2025-10-18 17:36:51 - ProcessKill 728
2025-10-18 17:36:52 - Found child process: 17344 Name: conhost.exe
2025-10-18 17:36:52 - Found child process: 16256 Name: node.exe
2025-10-18 17:36:52 - Stopping process 17344
2025-10-18 17:36:52 - Send SIGINT 17344
2025-10-18 17:36:52 - SIGINT to 17344 failed - Killing as fallback
2025-10-18 17:36:52 - Stopping process 16256
2025-10-18 17:36:52 - Send SIGINT 16256
2025-10-18 17:36:52 - SIGINT to 16256 failed - Killing as fallback
2025-10-18 17:36:52 - Stopping process 728
2025-10-18 17:36:52 - Send SIGINT 728
2025-10-18 17:36:52 - SIGINT to 728 failed - Killing as fallback
2025-10-18 17:36:52 - Finished teletrackcollector.exe
2025-10-18 17:36:53 - Starting C:\Program Files\nodejs\node.exe  --max_old_space_size=4096 "C:\Users\ctitest\Documents\TeleTrack Collector\node_modules\node-windows\lib\wrapper.js" --file "C:\Users\ctitest\Documents\TeleTrack Collector\collector.js" --scriptoptions= --log "TeleTrack Collector wrapper" --grow 0.25 --wait 1 --maxrestarts 3 --abortonerror n --stopparentfirst undefined
2025-10-18 17:36:53 - Started 1168
2025-10-18 17:39:09 - Stopping teletrackcollector.exe
2025-10-18 17:39:09 - ProcessKill 1168
2025-10-18 17:39:09 - Found child process: 14344 Name: conhost.exe
2025-10-18 17:39:09 - Found child process: 16192 Name: node.exe
2025-10-18 17:39:09 - Stopping process 14344
2025-10-18 17:39:09 - Send SIGINT 14344
2025-10-18 17:39:09 - SIGINT to 14344 failed - Killing as fallback
2025-10-18 17:39:09 - Stopping process 16192
2025-10-18 17:39:09 - Send SIGINT 16192
2025-10-18 17:39:09 - SIGINT to 16192 failed - Killing as fallback
2025-10-18 17:39:09 - Stopping process 1168
2025-10-18 17:39:09 - Send SIGINT 1168
2025-10-18 17:39:09 - SIGINT to 1168 failed - Killing as fallback
2025-10-18 17:39:09 - Finished teletrackcollector.exe
2025-10-18 17:39:11 - Starting C:\Program Files\nodejs\node.exe  --max_old_space_size=4096 "C:\Users\ctitest\Documents\TeleTrack Collector\node_modules\node-windows\lib\wrapper.js" --file "C:\Users\ctitest\Documents\TeleTrack Collector\collector.js" --scriptoptions= --log "TeleTrack Collector wrapper" --grow 0.25 --wait 1 --maxrestarts 3 --abortonerror n --stopparentfirst undefined
2025-10-18 17:39:11 - Started 14452
2025-10-19 15:41:39 - Stopping teletrackcollector.exe
2025-10-19 15:41:39 - ProcessKill 14452
2025-10-19 15:41:39 - Found child process: 16756 Name: conhost.exe
2025-10-19 15:41:39 - Found child process: 16400 Name: node.exe
2025-10-19 15:41:39 - Stopping process 16756
2025-10-19 15:41:39 - Send SIGINT 16756
2025-10-19 15:41:39 - SIGINT to 16756 failed - Killing as fallback
2025-10-19 15:41:39 - Stopping process 16400
2025-10-19 15:41:39 - Send SIGINT 16400
2025-10-19 15:41:39 - SIGINT to 16400 failed - Killing as fallback
2025-10-19 15:41:39 - Stopping process 14452
2025-10-19 15:41:39 - Send SIGINT 14452
2025-10-19 15:41:39 - SIGINT to 14452 failed - Killing as fallback
2025-10-19 15:41:39 - Finished teletrackcollector.exe
2025-10-19 15:41:40 - Starting C:\Program Files\nodejs\node.exe  --max_old_space_size=4096 "C:\Users\ctitest\Documents\TeleTrack Collector\node_modules\node-windows\lib\wrapper.js" --file "C:\Users\ctitest\Documents\TeleTrack Collector\collector.js" --scriptoptions= --log "TeleTrack Collector wrapper" --grow 0.25 --wait 1 --maxrestarts 3 --abortonerror n --stopparentfirst undefined
2025-10-19 15:41:40 - Started 9088
2025-10-19 15:58:00 - Stopping teletrackcollector.exe
2025-10-19 15:58:00 - ProcessKill 9088
2025-10-19 15:58:00 - Found child process: 15768 Name: conhost.exe
2025-10-19 15:58:00 - Found child process: 4780 Name: node.exe
2025-10-19 15:58:01 - Stopping process 15768
2025-10-19 15:58:01 - Send SIGINT 15768
2025-10-19 15:58:01 - SIGINT to 15768 failed - Killing as fallback
2025-10-19 15:58:01 - Stopping process 4780
2025-10-19 15:58:01 - Send SIGINT 4780
2025-10-19 15:58:01 - SIGINT to 4780 failed - Killing as fallback
2025-10-19 15:58:01 - Stopping process 9088
2025-10-19 15:58:01 - Send SIGINT 9088
2025-10-19 15:58:01 - SIGINT to 9088 failed - Killing as fallback
2025-10-19 15:58:01 - Finished teletrackcollector.exe
2025-10-19 15:58:02 - Starting C:\Program Files\nodejs\node.exe  --max_old_space_size=4096 "C:\Users\ctitest\Documents\TeleTrack Collector\node_modules\node-windows\lib\wrapper.js" --file "C:\Users\ctitest\Documents\TeleTrack Collector\collector.js" --scriptoptions= --log "TeleTrack Collector wrapper" --grow 0.25 --wait 1 --maxrestarts 3 --abortonerror n --stopparentfirst undefined
2025-10-19 15:58:02 - Started 4208
2025-10-19 16:18:48 - Stopping teletrackcollector.exe
2025-10-19 16:18:48 - ProcessKill 4208
2025-10-19 16:18:48 - Found child process: 17236 Name: conhost.exe
2025-10-19 16:18:48 - Found child process: 9684 Name: node.exe
2025-10-19 16:18:48 - Stopping process 17236
2025-10-19 16:18:48 - Send SIGINT 17236
2025-10-19 16:18:48 - SIGINT to 17236 failed - Killing as fallback
2025-10-19 16:18:48 - Stopping process 9684
2025-10-19 16:18:48 - Send SIGINT 9684
2025-10-19 16:18:48 - SIGINT to 9684 failed - Killing as fallback
2025-10-19 16:18:48 - Stopping process 4208
2025-10-19 16:18:48 - Send SIGINT 4208
2025-10-19 16:18:48 - SIGINT to 4208 failed - Killing as fallback
2025-10-19 16:18:48 - Finished teletrackcollector.exe
2025-10-19 16:18:49 - Starting C:\Program Files\nodejs\node.exe  --max_old_space_size=4096 "C:\Users\ctitest\Documents\TeleTrack Collector\node_modules\node-windows\lib\wrapper.js" --file "C:\Users\ctitest\Documents\TeleTrack Collector\collector.js" --scriptoptions= --log "TeleTrack Collector wrapper" --grow 0.25 --wait 1 --maxrestarts 3 --abortonerror n --stopparentfirst undefined
2025-10-19 16:18:49 - Started 8216
2025-10-19 16:26:43 - Stopping teletrackcollector.exe
2025-10-19 16:26:43 - ProcessKill 8216
2025-10-19 16:26:43 - Found child process: 18124 Name: conhost.exe
2025-10-19 16:26:43 - Found child process: 15632 Name: node.exe
2025-10-19 16:26:43 - Stopping process 18124
2025-10-19 16:26:43 - Send SIGINT 18124
2025-10-19 16:26:43 - SIGINT to 18124 failed - Killing as fallback
2025-10-19 16:26:43 - Stopping process 15632
2025-10-19 16:26:43 - Send SIGINT 15632
2025-10-19 16:26:43 - SIGINT to 15632 failed - Killing as fallback
2025-10-19 16:26:43 - Stopping process 8216
2025-10-19 16:26:43 - Send SIGINT 8216
2025-10-19 16:26:43 - SIGINT to 8216 failed - Killing as fallback
2025-10-19 16:26:43 - Finished teletrackcollector.exe
2025-10-19 16:26:44 - Starting C:\Program Files\nodejs\node.exe  --max_old_space_size=4096 "C:\Users\ctitest\Documents\TeleTrack Collector\node_modules\node-windows\lib\wrapper.js" --file "C:\Users\ctitest\Documents\TeleTrack Collector\collector.js" --scriptoptions= --log "TeleTrack Collector wrapper" --grow 0.25 --wait 1 --maxrestarts 3 --abortonerror n --stopparentfirst undefined
2025-10-19 16:26:44 - Started 6416
2025-10-19 16:33:49 - Stopping teletrackcollector.exe
2025-10-19 16:33:49 - ProcessKill 6416
2025-10-19 16:33:49 - Found child process: 10516 Name: conhost.exe
2025-10-19 16:33:49 - Found child process: 18228 Name: node.exe
2025-10-19 16:33:49 - Stopping process 10516
2025-10-19 16:33:49 - Send SIGINT 10516
2025-10-19 16:33:49 - SIGINT to 10516 failed - Killing as fallback
2025-10-19 16:33:49 - Stopping process 18228
2025-10-19 16:33:49 - Send SIGINT 18228
2025-10-19 16:33:49 - SIGINT to 18228 failed - Killing as fallback
2025-10-19 16:33:49 - Stopping process 6416
2025-10-19 16:33:49 - Send SIGINT 6416
2025-10-19 16:33:49 - SIGINT to 6416 failed - Killing as fallback
2025-10-19 16:33:49 - Finished teletrackcollector.exe
2025-10-19 16:33:50 - Starting C:\Program Files\nodejs\node.exe  --max_old_space_size=4096 "C:\Users\ctitest\Documents\TeleTrack Collector\node_modules\node-windows\lib\wrapper.js" --file "C:\Users\ctitest\Documents\TeleTrack Collector\collector.js" --scriptoptions= --log "TeleTrack Collector wrapper" --grow 0.25 --wait 1 --maxrestarts 3 --abortonerror n --stopparentfirst undefined
2025-10-19 16:33:50 - Started 9088
2025-10-19 16:38:19 - Stopping teletrackcollector.exe
2025-10-19 16:38:19 - ProcessKill 9088
2025-10-19 16:38:19 - Found child process: 5408 Name: conhost.exe
2025-10-19 16:38:19 - Found child process: 8968 Name: node.exe
2025-10-19 16:38:19 - Stopping process 5408
2025-10-19 16:38:19 - Send SIGINT 5408
2025-10-19 16:38:19 - SIGINT to 5408 failed - Killing as fallback
2025-10-19 16:38:19 - Stopping process 8968
2025-10-19 16:38:19 - Send SIGINT 8968
2025-10-19 16:38:19 - SIGINT to 8968 failed - Killing as fallback
2025-10-19 16:38:19 - Stopping process 9088
2025-10-19 16:38:19 - Send SIGINT 9088
2025-10-19 16:38:19 - SIGINT to 9088 failed - Killing as fallback
2025-10-19 16:38:19 - Finished teletrackcollector.exe
2025-10-19 16:38:20 - Starting C:\Program Files\nodejs\node.exe  --max_old_space_size=4096 "C:\Users\ctitest\Documents\TeleTrack Collector\node_modules\node-windows\lib\wrapper.js" --file "C:\Users\ctitest\Documents\TeleTrack Collector\collector.js" --scriptoptions= --log "TeleTrack Collector wrapper" --grow 0.25 --wait 1 --maxrestarts 3 --abortonerror n --stopparentfirst undefined
2025-10-19 16:38:20 - Started 12320
2025-10-19 17:14:10 - Stopping teletrackcollector.exe
2025-10-19 17:14:10 - ProcessKill 12320
2025-10-19 17:14:10 - Found child process: 17112 Name: conhost.exe
2025-10-19 17:14:10 - Found child process: 384 Name: node.exe
2025-10-19 17:14:10 - Stopping process 17112
2025-10-19 17:14:10 - Send SIGINT 17112
2025-10-19 17:14:10 - SIGINT to 17112 failed - Killing as fallback
2025-10-19 17:14:11 - Stopping process 384
2025-10-19 17:14:11 - Send SIGINT 384
2025-10-19 17:14:11 - SIGINT to 384 failed - Killing as fallback
2025-10-19 17:14:11 - Stopping process 12320
2025-10-19 17:14:11 - Send SIGINT 12320
2025-10-19 17:14:11 - SIGINT to 12320 failed - Killing as fallback
2025-10-19 17:14:11 - Finished teletrackcollector.exe
2025-10-19 17:14:12 - Starting C:\Program Files\nodejs\node.exe  --max_old_space_size=4096 "C:\Users\ctitest\Documents\TeleTrack Collector\node_modules\node-windows\lib\wrapper.js" --file "C:\Users\ctitest\Documents\TeleTrack Collector\collector.js" --scriptoptions= --log "TeleTrack Collector wrapper" --grow 0.25 --wait 1 --maxrestarts 3 --abortonerror n --stopparentfirst undefined
2025-10-19 17:14:12 - Started 17588
2025-10-19 17:24:14 - Stopping teletrackcollector.exe
2025-10-19 17:24:14 - ProcessKill 17588
2025-10-19 17:24:14 - Found child process: 17148 Name: conhost.exe
2025-10-19 17:24:14 - Found child process: 13008 Name: node.exe
2025-10-19 17:24:14 - Stopping process 17148
2025-10-19 17:24:14 - Send SIGINT 17148
2025-10-19 17:24:14 - SIGINT to 17148 failed - Killing as fallback
2025-10-19 17:24:14 - Stopping process 13008
2025-10-19 17:24:14 - Send SIGINT 13008
2025-10-19 17:24:14 - SIGINT to 13008 failed - Killing as fallback
2025-10-19 17:24:14 - Stopping process 17588
2025-10-19 17:24:14 - Send SIGINT 17588
2025-10-19 17:24:14 - SIGINT to 17588 failed - Killing as fallback
2025-10-19 17:24:14 - Finished teletrackcollector.exe
2025-10-19 17:24:15 - Starting C:\Program Files\nodejs\node.exe  --max_old_space_size=4096 "C:\Users\ctitest\Documents\TeleTrack Collector\node_modules\node-windows\lib\wrapper.js" --file "C:\Users\ctitest\Documents\TeleTrack Collector\collector.js" --scriptoptions= --log "TeleTrack Collector wrapper" --grow 0.25 --wait 1 --maxrestarts 3 --abortonerror n --stopparentfirst undefined
2025-10-19 17:24:15 - Started 5508
2025-10-19 17:35:32 - Stopping teletrackcollector.exe
2025-10-19 17:35:32 - ProcessKill 5508
2025-10-19 17:35:32 - Found child process: 17484 Name: conhost.exe
2025-10-19 17:35:32 - Found child process: 18220 Name: node.exe
2025-10-19 17:35:32 - Stopping process 17484
2025-10-19 17:35:32 - Send SIGINT 17484
2025-10-19 17:35:32 - SIGINT to 17484 failed - Killing as fallback
2025-10-19 17:35:32 - Stopping process 18220
2025-10-19 17:35:32 - Send SIGINT 18220
2025-10-19 17:35:32 - SIGINT to 18220 failed - Killing as fallback
2025-10-19 17:35:32 - Stopping process 5508
2025-10-19 17:35:32 - Send SIGINT 5508
2025-10-19 17:35:32 - SIGINT to 5508 failed - Killing as fallback
2025-10-19 17:35:32 - Finished teletrackcollector.exe
2025-10-19 17:35:34 - Starting C:\Program Files\nodejs\node.exe  --max_old_space_size=4096 "C:\Users\ctitest\Documents\TeleTrack Collector\node_modules\node-windows\lib\wrapper.js" --file "C:\Users\ctitest\Documents\TeleTrack Collector\collector.js" --scriptoptions= --log "TeleTrack Collector wrapper" --grow 0.25 --wait 1 --maxrestarts 3 --abortonerror n --stopparentfirst undefined
2025-10-19 17:35:34 - Started 7504
2025-10-19 20:18:53 - Stopping teletrackcollector.exe
2025-10-19 20:18:53 - ProcessKill 7504
2025-10-19 20:18:53 - Found child process: 9088 Name: conhost.exe
2025-10-19 20:18:53 - Found child process: 17552 Name: node.exe
2025-10-19 20:18:53 - Stopping process 9088
2025-10-19 20:18:53 - Send SIGINT 9088
2025-10-19 20:18:53 - SIGINT to 9088 failed - Killing as fallback
2025-10-19 20:18:53 - Stopping process 17552
2025-10-19 20:18:53 - Send SIGINT 17552
2025-10-19 20:18:53 - SIGINT to 17552 failed - Killing as fallback
2025-10-19 20:18:53 - Stopping process 7504
2025-10-19 20:18:53 - Send SIGINT 7504
2025-10-19 20:18:53 - SIGINT to 7504 failed - Killing as fallback
2025-10-19 20:18:53 - Finished teletrackcollector.exe
2025-10-19 20:18:54 - Starting C:\Program Files\nodejs\node.exe  --max_old_space_size=4096 "C:\Users\ctitest\Documents\TeleTrack Collector\node_modules\node-windows\lib\wrapper.js" --file "C:\Users\ctitest\Documents\TeleTrack Collector\collector.js" --scriptoptions= --log "TeleTrack Collector wrapper" --grow 0.25 --wait 1 --maxrestarts 3 --abortonerror n --stopparentfirst undefined
2025-10-19 20:18:54 - Started 9140
2025-10-19 20:40:31 - Stopping teletrackcollector.exe
2025-10-19 20:40:31 - ProcessKill 9140
2025-10-19 20:40:31 - Found child process: 14604 Name: conhost.exe
2025-10-19 20:40:31 - Found child process: 14684 Name: node.exe
2025-10-19 20:40:31 - Stopping process 14604
2025-10-19 20:40:31 - Send SIGINT 14604
2025-10-19 20:40:31 - SIGINT to 14604 failed - Killing as fallback
2025-10-19 20:40:31 - Stopping process 14684
2025-10-19 20:40:31 - Send SIGINT 14684
2025-10-19 20:40:31 - SIGINT to 14684 failed - Killing as fallback
2025-10-19 20:40:31 - Stopping process 9140
2025-10-19 20:40:31 - Send SIGINT 9140
2025-10-19 20:40:31 - SIGINT to 9140 failed - Killing as fallback
2025-10-19 20:40:31 - Finished teletrackcollector.exe
2025-10-19 20:40:32 - Starting C:\Program Files\nodejs\node.exe  --max_old_space_size=4096 "C:\Users\ctitest\Documents\TeleTrack Collector\node_modules\node-windows\lib\wrapper.js" --file "C:\Users\ctitest\Documents\TeleTrack Collector\collector.js" --scriptoptions= --log "TeleTrack Collector wrapper" --grow 0.25 --wait 1 --maxrestarts 3 --abortonerror n --stopparentfirst undefined
2025-10-19 20:40:32 - Started 7804
2025-10-19 21:09:07 - Stopping teletrackcollector.exe
2025-10-19 21:09:07 - ProcessKill 7804
2025-10-19 21:09:07 - Found child process: 1412 Name: conhost.exe
2025-10-19 21:09:07 - Found child process: 16232 Name: node.exe
2025-10-19 21:09:07 - Stopping process 1412
2025-10-19 21:09:07 - Send SIGINT 1412
2025-10-19 21:09:07 - SIGINT to 1412 failed - Killing as fallback
2025-10-19 21:09:07 - Stopping process 16232
2025-10-19 21:09:07 - Send SIGINT 16232
2025-10-19 21:09:07 - SIGINT to 16232 failed - Killing as fallback
2025-10-19 21:09:07 - Stopping process 7804
2025-10-19 21:09:07 - Send SIGINT 7804
2025-10-19 21:09:07 - SIGINT to 7804 failed - Killing as fallback
2025-10-19 21:09:07 - Finished teletrackcollector.exe
2025-10-19 21:09:08 - Starting C:\Program Files\nodejs\node.exe  --max_old_space_size=4096 "C:\Users\ctitest\Documents\TeleTrack Collector\node_modules\node-windows\lib\wrapper.js" --file "C:\Users\ctitest\Documents\TeleTrack Collector\collector.js" --scriptoptions= --log "TeleTrack Collector wrapper" --grow 0.25 --wait 1 --maxrestarts 3 --abortonerror n --stopparentfirst undefined
2025-10-19 21:09:08 - Started 18300
2025-10-20 10:50:46 - Stopping teletrackcollector.exe
2025-10-20 10:50:46 - ProcessKill 18300
2025-10-20 10:50:46 - Found child process: 12216 Name: conhost.exe
2025-10-20 10:50:46 - Found child process: 17436 Name: node.exe
2025-10-20 10:50:47 - Stopping process 12216
2025-10-20 10:50:47 - Send SIGINT 12216
2025-10-20 10:50:47 - SIGINT to 12216 failed - Killing as fallback
2025-10-20 10:50:47 - Stopping process 17436
2025-10-20 10:50:47 - Send SIGINT 17436
2025-10-20 10:50:47 - SIGINT to 17436 failed - Killing as fallback
2025-10-20 10:50:47 - Stopping process 18300
2025-10-20 10:50:47 - Send SIGINT 18300
2025-10-20 10:50:47 - SIGINT to 18300 failed - Killing as fallback
2025-10-20 10:50:47 - Finished teletrackcollector.exe
2025-10-20 10:50:48 - Starting C:\Program Files\nodejs\node.exe  --max_old_space_size=4096 "C:\Users\ctitest\Documents\TeleTrack Collector\node_modules\node-windows\lib\wrapper.js" --file "C:\Users\ctitest\Documents\TeleTrack Collector\collector.js" --scriptoptions= --log "TeleTrack Collector wrapper" --grow 0.25 --wait 1 --maxrestarts 3 --abortonerror n --stopparentfirst undefined
2025-10-20 10:50:48 - Started 19576
2025-10-21 11:50:15 - Starting C:\Program Files\nodejs\node.exe  --max_old_space_size=4096 "C:\Users\ctitest\Documents\TeleTrack Collector\node_modules\node-windows\lib\wrapper.js" --file "C:\Users\ctitest\Documents\TeleTrack Collector\collector.js" --scriptoptions= --log "TeleTrack Collector wrapper" --grow 0.25 --wait 1 --maxrestarts 3 --abortonerror n --stopparentfirst undefined
2025-10-21 11:50:15 - Started 5868
2025-10-22 11:20:36 - Stopping teletrackcollector.exe
2025-10-22 11:20:36 - ProcessKill 5868
2025-10-22 11:20:36 - Found child process: 5892 Name: conhost.exe
2025-10-22 11:20:36 - Found child process: 6160 Name: node.exe
2025-10-22 11:20:36 - Stopping process 5892
2025-10-22 11:20:36 - Send SIGINT 5892
2025-10-22 11:20:36 - SIGINT to 5892 failed - Killing as fallback
2025-10-22 11:20:36 - Stopping process 6160
2025-10-22 11:20:36 - Send SIGINT 6160
2025-10-22 11:20:36 - SIGINT to 6160 failed - Killing as fallback
2025-10-22 11:20:36 - Stopping process 5868
2025-10-22 11:20:36 - Send SIGINT 5868
2025-10-22 11:20:36 - SIGINT to 5868 failed - Killing as fallback
2025-10-22 11:20:36 - Finished teletrackcollector.exe
2025-10-22 11:20:38 - Starting C:\Program Files\nodejs\node.exe  --max_old_space_size=4096 "C:\Users\ctitest\Documents\TeleTrack Collector\node_modules\node-windows\lib\wrapper.js" --file "C:\Users\ctitest\Documents\TeleTrack Collector\collector.js" --scriptoptions= --log "TeleTrack Collector wrapper" --grow 0.25 --wait 1 --maxrestarts 3 --abortonerror n --stopparentfirst undefined
2025-10-22 11:20:38 - Started 8684
2025-10-22 11:24:14 - Stopping teletrackcollector.exe
2025-10-22 11:24:14 - ProcessKill 8684
2025-10-22 11:24:14 - Found child process: 11216 Name: conhost.exe
2025-10-22 11:24:14 - Found child process: 11504 Name: node.exe
2025-10-22 11:24:14 - Stopping process 11216
2025-10-22 11:24:14 - Send SIGINT 11216
2025-10-22 11:24:14 - SIGINT to 11216 failed - Killing as fallback
2025-10-22 11:24:14 - Stopping process 11504
2025-10-22 11:24:14 - Send SIGINT 11504
2025-10-22 11:24:14 - SIGINT to 11504 failed - Killing as fallback
2025-10-22 11:24:14 - Stopping process 8684
2025-10-22 11:24:14 - Send SIGINT 8684
2025-10-22 11:24:14 - SIGINT to 8684 failed - Killing as fallback
2025-10-22 11:24:14 - Finished teletrackcollector.exe
2025-10-22 11:24:16 - Starting C:\Program Files\nodejs\node.exe  --max_old_space_size=4096 "C:\Users\ctitest\Documents\TeleTrack Collector\node_modules\node-windows\lib\wrapper.js" --file "C:\Users\ctitest\Documents\TeleTrack Collector\collector.js" --scriptoptions= --log "TeleTrack Collector wrapper" --grow 0.25 --wait 1 --maxrestarts 3 --abortonerror n --stopparentfirst undefined
2025-10-22 11:24:16 - Started 14776
2025-10-22 11:53:18 - Stopping teletrackcollector.exe
2025-10-22 11:53:18 - ProcessKill 14776
2025-10-22 11:53:18 - Found child process: 14960 Name: conhost.exe
2025-10-22 11:53:18 - Found child process: 4228 Name: node.exe
2025-10-22 11:53:18 - Stopping process 14960
2025-10-22 11:53:18 - Send SIGINT 14960
2025-10-22 11:53:18 - SIGINT to 14960 failed - Killing as fallback
2025-10-22 11:53:18 - Stopping process 4228
2025-10-22 11:53:18 - Send SIGINT 4228
2025-10-22 11:53:18 - SIGINT to 4228 failed - Killing as fallback
2025-10-22 11:53:18 - Stopping process 14776
2025-10-22 11:53:18 - Send SIGINT 14776
2025-10-22 11:53:18 - SIGINT to 14776 failed - Killing as fallback
2025-10-22 11:53:18 - Finished teletrackcollector.exe
2025-10-22 11:53:20 - Starting C:\Program Files\nodejs\node.exe  --max_old_space_size=4096 "C:\Users\ctitest\Documents\TeleTrack Collector\node_modules\node-windows\lib\wrapper.js" --file "C:\Users\ctitest\Documents\TeleTrack Collector\collector.js" --scriptoptions= --log "TeleTrack Collector wrapper" --grow 0.25 --wait 1 --maxrestarts 3 --abortonerror n --stopparentfirst undefined
2025-10-22 11:53:20 - Started 15676
2025-10-22 12:56:14 - Stopping teletrackcollector.exe
2025-10-22 12:56:14 - ProcessKill 15676
2025-10-22 12:56:14 - Found child process: 15696 Name: conhost.exe
2025-10-22 12:56:14 - Found child process: 14576 Name: node.exe
2025-10-22 12:56:14 - Stopping process 15696
2025-10-22 12:56:14 - Send SIGINT 15696
2025-10-22 12:56:14 - SIGINT to 15696 failed - Killing as fallback
2025-10-22 12:56:14 - Stopping process 14576
2025-10-22 12:56:14 - Send SIGINT 14576
2025-10-22 12:56:14 - SIGINT to 14576 failed - Killing as fallback
2025-10-22 12:56:14 - Stopping process 15676
2025-10-22 12:56:14 - Send SIGINT 15676
2025-10-22 12:56:14 - SIGINT to 15676 failed - Killing as fallback
2025-10-22 12:56:14 - Finished teletrackcollector.exe
2025-10-22 12:56:16 - Starting C:\Program Files\nodejs\node.exe  --max_old_space_size=4096 "C:\Users\ctitest\Documents\TeleTrack Collector\node_modules\node-windows\lib\wrapper.js" --file "C:\Users\ctitest\Documents\TeleTrack Collector\collector.js" --scriptoptions= --log "TeleTrack Collector wrapper" --grow 0.25 --wait 1 --maxrestarts 3 --abortonerror n --stopparentfirst undefined
2025-10-22 12:56:16 - Started 15692
2025-10-22 13:40:46 - Stopping teletrackcollector.exe
2025-10-22 13:40:46 - ProcessKill 15692
2025-10-22 13:40:46 - Found child process: 15556 Name: conhost.exe
2025-10-22 13:40:46 - Found child process: 1512 Name: node.exe
2025-10-22 13:40:46 - Stopping process 15556
2025-10-22 13:40:46 - Send SIGINT 15556
2025-10-22 13:40:46 - SIGINT to 15556 failed - Killing as fallback
2025-10-22 13:40:46 - Stopping process 1512
2025-10-22 13:40:46 - Send SIGINT 1512
2025-10-22 13:40:46 - SIGINT to 1512 failed - Killing as fallback
2025-10-22 13:40:46 - Stopping process 15692
2025-10-22 13:40:46 - Send SIGINT 15692
2025-10-22 13:40:46 - SIGINT to 15692 failed - Killing as fallback
2025-10-22 13:40:46 - Finished teletrackcollector.exe
2025-10-22 13:40:47 - Starting C:\Program Files\nodejs\node.exe  --max_old_space_size=4096 "C:\Users\ctitest\Documents\TeleTrack Collector\node_modules\node-windows\lib\wrapper.js" --file "C:\Users\ctitest\Documents\TeleTrack Collector\collector.js" --scriptoptions= --log "TeleTrack Collector wrapper" --grow 0.25 --wait 1 --maxrestarts 3 --abortonerror n --stopparentfirst undefined
2025-10-22 13:40:47 - Started 6552
2025-10-22 21:55:03 - Stopping teletrackcollector.exe
2025-10-22 21:55:03 - ProcessKill 6552
2025-10-22 21:55:03 - Found child process: 424 Name: conhost.exe
2025-10-22 21:55:03 - Found child process: 2012 Name: node.exe
2025-10-22 21:55:03 - Stopping process 424
2025-10-22 21:55:03 - Send SIGINT 424
2025-10-22 21:55:03 - SIGINT to 424 failed - Killing as fallback
2025-10-22 21:55:03 - Stopping process 2012
2025-10-22 21:55:03 - Send SIGINT 2012
2025-10-22 21:55:03 - SIGINT to 2012 failed - Killing as fallback
2025-10-22 21:55:03 - Stopping process 6552
2025-10-22 21:55:03 - Send SIGINT 6552
2025-10-22 21:55:03 - SIGINT to 6552 failed - Killing as fallback
2025-10-22 21:55:03 - Finished teletrackcollector.exe
2025-10-22 21:55:04 - Starting C:\Program Files\nodejs\node.exe  --max_old_space_size=4096 "C:\Users\ctitest\Documents\TeleTrack Collector\node_modules\node-windows\lib\wrapper.js" --file "C:\Users\ctitest\Documents\TeleTrack Collector\collector.js" --scriptoptions= --log "TeleTrack Collector wrapper" --grow 0.25 --wait 1 --maxrestarts 3 --abortonerror n --stopparentfirst undefined
2025-10-22 21:55:04 - Started 14276
2025-10-22 22:00:56 - Stopping teletrackcollector.exe
2025-10-22 22:00:56 - ProcessKill 14276
2025-10-22 22:00:56 - Found child process: 13280 Name: conhost.exe
2025-10-22 22:00:56 - Found child process: 11316 Name: node.exe
2025-10-22 22:00:56 - Stopping process 13280
2025-10-22 22:00:56 - Send SIGINT 13280
2025-10-22 22:00:56 - SIGINT to 13280 failed - Killing as fallback
2025-10-22 22:00:56 - Stopping process 11316
2025-10-22 22:00:56 - Send SIGINT 11316
2025-10-22 22:00:56 - SIGINT to 11316 failed - Killing as fallback
2025-10-22 22:00:56 - Stopping process 14276
2025-10-22 22:00:56 - Send SIGINT 14276
2025-10-22 22:00:56 - SIGINT to 14276 failed - Killing as fallback
2025-10-22 22:00:56 - Finished teletrackcollector.exe
2025-10-22 22:00:57 - Starting C:\Program Files\nodejs\node.exe  --max_old_space_size=4096 "C:\Users\ctitest\Documents\TeleTrack Collector\node_modules\node-windows\lib\wrapper.js" --file "C:\Users\ctitest\Documents\TeleTrack Collector\collector.js" --scriptoptions= --log "TeleTrack Collector wrapper" --grow 0.25 --wait 1 --maxrestarts 3 --abortonerror n --stopparentfirst undefined
2025-10-22 22:00:57 - Started 13800
2025-10-22 22:12:27 - Stopping teletrackcollector.exe
2025-10-22 22:12:27 - ProcessKill 13800
2025-10-22 22:12:27 - Found child process: 4088 Name: conhost.exe
2025-10-22 22:12:27 - Found child process: 13956 Name: node.exe
2025-10-22 22:12:27 - Stopping process 4088
2025-10-22 22:12:27 - Send SIGINT 4088
2025-10-22 22:12:27 - SIGINT to 4088 failed - Killing as fallback
2025-10-22 22:12:27 - Stopping process 13956
2025-10-22 22:12:27 - Send SIGINT 13956
2025-10-22 22:12:27 - SIGINT to 13956 failed - Killing as fallback
2025-10-22 22:12:27 - Stopping process 13800
2025-10-22 22:12:27 - Send SIGINT 13800
2025-10-22 22:12:27 - SIGINT to 13800 failed - Killing as fallback
2025-10-22 22:12:27 - Finished teletrackcollector.exe
2025-10-22 22:12:28 - Starting C:\Program Files\nodejs\node.exe  --max_old_space_size=4096 "C:\Users\ctitest\Documents\TeleTrack Collector\node_modules\node-windows\lib\wrapper.js" --file "C:\Users\ctitest\Documents\TeleTrack Collector\collector.js" --scriptoptions= --log "TeleTrack Collector wrapper" --grow 0.25 --wait 1 --maxrestarts 3 --abortonerror n --stopparentfirst undefined
2025-10-22 22:12:28 - Started 524
2025-10-22 22:18:52 - Stopping teletrackcollector.exe
2025-10-22 22:18:52 - ProcessKill 524
2025-10-22 22:18:52 - Found child process: 9372 Name: conhost.exe
2025-10-22 22:18:52 - Found child process: 15912 Name: node.exe
2025-10-22 22:18:52 - Stopping process 9372
2025-10-22 22:18:52 - Send SIGINT 9372
2025-10-22 22:18:52 - SIGINT to 9372 failed - Killing as fallback
2025-10-22 22:18:52 - Stopping process 15912
2025-10-22 22:18:52 - Send SIGINT 15912
2025-10-22 22:18:52 - SIGINT to 15912 failed - Killing as fallback
2025-10-22 22:18:52 - Stopping process 524
2025-10-22 22:18:52 - Send SIGINT 524
2025-10-22 22:18:52 - SIGINT to 524 failed - Killing as fallback
2025-10-22 22:18:52 - Finished teletrackcollector.exe
2025-10-22 22:18:53 - Starting C:\Program Files\nodejs\node.exe  --max_old_space_size=4096 "C:\Users\ctitest\Documents\TeleTrack Collector\node_modules\node-windows\lib\wrapper.js" --file "C:\Users\ctitest\Documents\TeleTrack Collector\collector.js" --scriptoptions= --log "TeleTrack Collector wrapper" --grow 0.25 --wait 1 --maxrestarts 3 --abortonerror n --stopparentfirst undefined
2025-10-22 22:18:53 - Started 6684
2025-10-22 22:25:51 - Stopping teletrackcollector.exe
2025-10-22 22:25:51 - ProcessKill 6684
2025-10-22 22:25:51 - Found child process: 15156 Name: conhost.exe
2025-10-22 22:25:51 - Found child process: 16160 Name: node.exe
2025-10-22 22:25:51 - Stopping process 15156
2025-10-22 22:25:51 - Send SIGINT 15156
2025-10-22 22:25:51 - SIGINT to 15156 failed - Killing as fallback
2025-10-22 22:25:51 - Stopping process 16160
2025-10-22 22:25:51 - Send SIGINT 16160
2025-10-22 22:25:51 - SIGINT to 16160 failed - Killing as fallback
2025-10-22 22:25:51 - Stopping process 6684
2025-10-22 22:25:51 - Send SIGINT 6684
2025-10-22 22:25:51 - SIGINT to 6684 failed - Killing as fallback
2025-10-22 22:25:51 - Finished teletrackcollector.exe
2025-10-22 22:25:53 - Starting C:\Program Files\nodejs\node.exe  --max_old_space_size=4096 "C:\Users\ctitest\Documents\TeleTrack Collector\node_modules\node-windows\lib\wrapper.js" --file "C:\Users\ctitest\Documents\TeleTrack Collector\collector.js" --scriptoptions= --log "TeleTrack Collector wrapper" --grow 0.25 --wait 1 --maxrestarts 3 --abortonerror n --stopparentfirst undefined
2025-10-22 22:25:53 - Started 15564
2025-10-22 22:30:56 - Stopping teletrackcollector.exe
2025-10-22 22:30:56 - ProcessKill 15564
2025-10-22 22:30:56 - Found child process: 11168 Name: conhost.exe
2025-10-22 22:30:56 - Found child process: 9852 Name: node.exe
2025-10-22 22:30:56 - Stopping process 11168
2025-10-22 22:30:56 - Send SIGINT 11168
2025-10-22 22:30:56 - SIGINT to 11168 failed - Killing as fallback
2025-10-22 22:30:56 - Stopping process 9852
2025-10-22 22:30:56 - Send SIGINT 9852
2025-10-22 22:30:56 - SIGINT to 9852 failed - Killing as fallback
2025-10-22 22:30:56 - Stopping process 15564
2025-10-22 22:30:56 - Send SIGINT 15564
2025-10-22 22:30:56 - SIGINT to 15564 failed - Killing as fallback
2025-10-22 22:30:56 - Finished teletrackcollector.exe
2025-10-22 22:30:57 - Starting C:\Program Files\nodejs\node.exe  --max_old_space_size=4096 "C:\Users\ctitest\Documents\TeleTrack Collector\node_modules\node-windows\lib\wrapper.js" --file "C:\Users\ctitest\Documents\TeleTrack Collector\collector.js" --scriptoptions= --log "TeleTrack Collector wrapper" --grow 0.25 --wait 1 --maxrestarts 3 --abortonerror n --stopparentfirst undefined
2025-10-22 22:30:57 - Started 11504
2025-10-22 22:40:24 - Stopping teletrackcollector.exe
2025-10-22 22:40:24 - ProcessKill 11504
2025-10-22 22:40:24 - Found child process: 336 Name: conhost.exe
2025-10-22 22:40:24 - Found child process: 516 Name: node.exe
2025-10-22 22:40:24 - Stopping process 336
2025-10-22 22:40:24 - Send SIGINT 336
2025-10-22 22:40:24 - SIGINT to 336 failed - Killing as fallback
2025-10-22 22:40:24 - Stopping process 516
2025-10-22 22:40:24 - Send SIGINT 516
2025-10-22 22:40:24 - SIGINT to 516 failed - Killing as fallback
2025-10-22 22:40:24 - Stopping process 11504
2025-10-22 22:40:24 - Send SIGINT 11504
2025-10-22 22:40:24 - SIGINT to 11504 failed - Killing as fallback
2025-10-22 22:40:24 - Finished teletrackcollector.exe
2025-10-22 22:40:25 - Starting C:\Program Files\nodejs\node.exe  --max_old_space_size=4096 "C:\Users\ctitest\Documents\TeleTrack Collector\node_modules\node-windows\lib\wrapper.js" --file "C:\Users\ctitest\Documents\TeleTrack Collector\collector.js" --scriptoptions= --log "TeleTrack Collector wrapper" --grow 0.25 --wait 1 --maxrestarts 3 --abortonerror n --stopparentfirst undefined
2025-10-22 22:40:25 - Started 8196
2025-10-26 13:14:49 - Stopping teletrackcollector.exe
2025-10-26 13:14:49 - ProcessKill 8196
2025-10-26 13:14:49 - Found child process: 7172 Name: conhost.exe
2025-10-26 13:14:49 - Found child process: 14732 Name: node.exe
2025-10-26 13:14:49 - Stopping process 7172
2025-10-26 13:14:49 - Send SIGINT 7172
2025-10-26 13:14:49 - SIGINT to 7172 failed - Killing as fallback
2025-10-26 13:14:49 - Stopping process 14732
2025-10-26 13:14:49 - Send SIGINT 14732
2025-10-26 13:14:49 - SIGINT to 14732 failed - Killing as fallback
2025-10-26 13:14:49 - Stopping process 8196
2025-10-26 13:14:49 - Send SIGINT 8196
2025-10-26 13:14:49 - SIGINT to 8196 failed - Killing as fallback
2025-10-26 13:14:49 - Finished teletrackcollector.exe
2025-10-26 13:14:50 - Starting C:\Program Files\nodejs\node.exe  --max_old_space_size=4096 "C:\Users\ctitest\Documents\TeleTrack Collector\node_modules\node-windows\lib\wrapper.js" --file "C:\Users\ctitest\Documents\TeleTrack Collector\collector.js" --scriptoptions= --log "TeleTrack Collector wrapper" --grow 0.25 --wait 1 --maxrestarts 3 --abortonerror n --stopparentfirst undefined
2025-10-26 13:14:50 - Started 18740
2025-10-26 19:47:24 - Stopping teletrackcollector.exe
2025-10-26 19:47:24 - ProcessKill 18740
2025-10-26 19:47:24 - Found child process: 13076 Name: conhost.exe
2025-10-26 19:47:24 - Found child process: 18588 Name: node.exe
2025-10-26 19:47:24 - Stopping process 13076
2025-10-26 19:47:24 - Send SIGINT 13076
2025-10-26 19:47:24 - SIGINT to 13076 failed - Killing as fallback
2025-10-26 19:47:25 - Stopping process 18588
2025-10-26 19:47:25 - Send SIGINT 18588
2025-10-26 19:47:25 - SIGINT to 18588 failed - Killing as fallback
2025-10-26 19:47:25 - Stopping process 18740
2025-10-26 19:47:25 - Send SIGINT 18740
2025-10-26 19:47:25 - SIGINT to 18740 failed - Killing as fallback
2025-10-26 19:47:25 - Finished teletrackcollector.exe
2025-10-26 19:47:26 - Starting C:\Program Files\nodejs\node.exe  --max_old_space_size=4096 "C:\Users\ctitest\Documents\TeleTrack Collector\node_modules\node-windows\lib\wrapper.js" --file "C:\Users\ctitest\Documents\TeleTrack Collector\collector.js" --scriptoptions= --log "TeleTrack Collector wrapper" --grow 0.25 --wait 1 --maxrestarts 3 --abortonerror n --stopparentfirst undefined
2025-10-26 19:47:26 - Started 10592
